2018-08-03 11:26:10.513  INFO 5728 --- [main] c.r.e.EurekaServiceApplication           : No active profile set, falling back to default profiles: default
2018-08-03 11:26:10.523  INFO 5728 --- [main] ConfigServletWebServerApplicationContext : Refreshing org.springframework.boot.web.servlet.context.AnnotationConfigServletWebServerApplicationContext@7a362b6b: startup date [Fri Aug 03 11:26:10 CST 2018]; parent: org.springframework.context.annotation.AnnotationConfigApplicationContext@459e9125
2018-08-03 11:26:11.310  INFO 5728 --- [main] o.s.cloud.context.scope.GenericScope     : BeanFactory id=c3d2af46-e603-3940-bc8f-aaca20c06b2d
2018-08-03 11:26:11.328  INFO 5728 --- [main] f.a.AutowiredAnnotationBeanPostProcessor : JSR-330 'javax.inject.Inject' annotation found and supported for autowiring
2018-08-03 11:26:11.415  INFO 5728 --- [main] trationDelegate$BeanPostProcessorChecker : Bean 'org.springframework.cloud.autoconfigure.ConfigurationPropertiesRebinderAutoConfiguration' of type [org.springframework.cloud.autoconfigure.ConfigurationPropertiesRebinderAutoConfiguration$$EnhancerBySpringCGLIB$$64594957] is not eligible for getting processed by all BeanPostProcessors (for example: not eligible for auto-proxying)
2018-08-03 11:26:11.758  INFO 5728 --- [main] o.s.b.w.embedded.tomcat.TomcatWebServer  : Tomcat initialized with port(s): 8000 (http)
2018-08-03 11:26:11.774  INFO 5728 --- [main] o.apache.catalina.core.StandardService   : Starting service [Tomcat]
2018-08-03 11:26:11.775  INFO 5728 --- [main] org.apache.catalina.core.StandardEngine  : Starting Servlet Engine: Apache Tomcat/8.5.32
2018-08-03 11:26:11.778  INFO 5728 --- [localhost-startStop-1] o.a.catalina.core.AprLifecycleListener   : The APR based Apache Tomcat Native library which allows optimal performance in production environments was not found on the java.library.path: [C:\Program Files\Java\jdk1.8.0_144\bin;C:\Windows\Sun\Java\bin;C:\Windows\system32;C:\Windows;C:\ProgramData\Oracle\Java\javapath;C:\Windows\system32;C:\Windows;C:\Windows\System32\Wbem;C:\Windows\System32\WindowsPowerShell\v1.0\;C:\Program Files\Java\jdk1.8.0_144\bin;C:\Program Files\Java\jdk1.8.0_144\jre\bin;C:\Program Files\TortoiseSVN\bin;E:\apache-tomcat-8.5.9-windows-x64\apache-tomcat-8.5.9\lib;E:\apache-tomcat-8.5.9-windows-x64\apache-tomcat-8.5.9\bin;E:\mysql-5.7.17-winx64\mysql-5.7.17-winx64\bin;C:\Program Files (x86)\Microsoft SQL Server\100\Tools\Binn\;C:\Program Files\Microsoft SQL Server\100\Tools\Binn\;C:\Program Files\Microsoft SQL Server\100\DTS\Binn\;C:\Program Files (x86)\Microsoft SQL Server\100\Tools\Binn\VSShell\Common7\IDE\;C:\Program Files (x86)\Microsoft Visual Studio 9.0\Common7\IDE\PrivateAssemblies\;C:\Program Files (x86)\Microsoft SQL Server\100\DTS\Binn\;C:\ProgramData\chocolatey\bin;C:\Users\yxz\AppData\Local\Android\Sdk\tools;C:\Users\yxz\AppData\Local\Android\Sdk\platform-tools;C:\Python27;E:\apache-maven-3.5.0\bin;C:\Program Files\nodejs\;E:\Program Files\Git\cmd;E:\Program Files\Microsoft VS Code\bin;C:\Users\yxz\AppData\Local\GitHubDesktop\bin;C:\Users\yxz\AppData\Roaming\npm;E:\Program Files\Microsoft VS Code\bin;.]
2018-08-03 11:26:11.917  INFO 5728 --- [localhost-startStop-1] o.a.c.c.C.[Tomcat].[localhost].[/]       : Initializing Spring embedded WebApplicationContext
2018-08-03 11:26:11.917  INFO 5728 --- [localhost-startStop-1] o.s.web.context.ContextLoader            : Root WebApplicationContext: initialization completed in 1394 ms
2018-08-03 11:26:12.061  WARN 5728 --- [localhost-startStop-1] c.n.c.sources.URLConfigurationSource     : No URLs will be polled as dynamic configuration sources.
2018-08-03 11:26:12.061  INFO 5728 --- [localhost-startStop-1] c.n.c.sources.URLConfigurationSource     : To enable URLs as dynamic configuration sources, define System property archaius.configurationSource.additionalUrls or make config.properties available on classpath.
2018-08-03 11:26:12.070  INFO 5728 --- [localhost-startStop-1] c.netflix.config.DynamicPropertyFactory  : DynamicPropertyFactory is initialized with configuration sources: com.netflix.config.ConcurrentCompositeConfiguration@6d25e28
2018-08-03 11:26:13.192  INFO 5728 --- [localhost-startStop-1] o.s.b.w.servlet.FilterRegistrationBean   : Mapping filter: 'characterEncodingFilter' to: [/*]
2018-08-03 11:26:13.192  INFO 5728 --- [localhost-startStop-1] o.s.b.w.servlet.FilterRegistrationBean   : Mapping filter: 'webMvcMetricsFilter' to: [/*]
2018-08-03 11:26:13.192  INFO 5728 --- [localhost-startStop-1] o.s.b.w.servlet.FilterRegistrationBean   : Mapping filter: 'hiddenHttpMethodFilter' to: [/*]
2018-08-03 11:26:13.193  INFO 5728 --- [localhost-startStop-1] o.s.b.w.servlet.FilterRegistrationBean   : Mapping filter: 'httpPutFormContentFilter' to: [/*]
2018-08-03 11:26:13.193  INFO 5728 --- [localhost-startStop-1] o.s.b.w.servlet.FilterRegistrationBean   : Mapping filter: 'requestContextFilter' to: [/*]
2018-08-03 11:26:13.193  INFO 5728 --- [localhost-startStop-1] o.s.b.w.servlet.FilterRegistrationBean   : Mapping filter: 'httpTraceFilter' to: [/*]
2018-08-03 11:26:13.193  INFO 5728 --- [localhost-startStop-1] o.s.b.w.servlet.FilterRegistrationBean   : Mapping filter: 'servletContainer' to urls: [/eureka/*]
2018-08-03 11:26:13.193  INFO 5728 --- [localhost-startStop-1] o.s.b.w.servlet.ServletRegistrationBean  : Servlet dispatcherServlet mapped to [/]
2018-08-03 11:26:13.249  INFO 5728 --- [localhost-startStop-1] c.s.j.s.i.a.WebApplicationImpl           : Initiating Jersey application, version 'Jersey: 1.19.1 03/11/2016 02:08 PM'
2018-08-03 11:26:13.305  INFO 5728 --- [localhost-startStop-1] c.n.d.provider.DiscoveryJerseyProvider   : Using JSON encoding codec LegacyJacksonJson
2018-08-03 11:26:13.306  INFO 5728 --- [localhost-startStop-1] c.n.d.provider.DiscoveryJerseyProvider   : Using JSON decoding codec LegacyJacksonJson
2018-08-03 11:26:13.398  INFO 5728 --- [localhost-startStop-1] c.n.d.provider.DiscoveryJerseyProvider   : Using XML encoding codec XStreamXml
2018-08-03 11:26:13.398  INFO 5728 --- [localhost-startStop-1] c.n.d.provider.DiscoveryJerseyProvider   : Using XML decoding codec XStreamXml
2018-08-03 11:26:13.679  WARN 5728 --- [main] o.s.c.n.a.ArchaiusAutoConfiguration      : No spring.application.name found, defaulting to 'application'
2018-08-03 11:26:13.679  WARN 5728 --- [main] c.n.c.sources.URLConfigurationSource     : No URLs will be polled as dynamic configuration sources.
2018-08-03 11:26:13.680  INFO 5728 --- [main] c.n.c.sources.URLConfigurationSource     : To enable URLs as dynamic configuration sources, define System property archaius.configurationSource.additionalUrls or make config.properties available on classpath.
2018-08-03 11:26:13.741  INFO 5728 --- [main] o.s.w.s.handler.SimpleUrlHandlerMapping  : Mapped URL path [/**/favicon.ico] onto handler of type [class org.springframework.web.servlet.resource.ResourceHttpRequestHandler]
2018-08-03 11:26:13.907  INFO 5728 --- [main] s.w.s.m.m.a.RequestMappingHandlerAdapter : Looking for @ControllerAdvice: org.springframework.boot.web.servlet.context.AnnotationConfigServletWebServerApplicationContext@7a362b6b: startup date [Fri Aug 03 11:26:10 CST 2018]; parent: org.springframework.context.annotation.AnnotationConfigApplicationContext@459e9125
2018-08-03 11:26:13.956  INFO 5728 --- [main] s.w.s.m.m.a.RequestMappingHandlerMapping : Mapped "{[/error]}" onto public org.springframework.http.ResponseEntity<java.util.Map<java.lang.String, java.lang.Object>> org.springframework.boot.autoconfigure.web.servlet.error.BasicErrorController.error(javax.servlet.http.HttpServletRequest)
2018-08-03 11:26:13.957  INFO 5728 --- [main] s.w.s.m.m.a.RequestMappingHandlerMapping : Mapped "{[/error],produces=[text/html]}" onto public org.springframework.web.servlet.ModelAndView org.springframework.boot.autoconfigure.web.servlet.error.BasicErrorController.errorHtml(javax.servlet.http.HttpServletRequest,javax.servlet.http.HttpServletResponse)
2018-08-03 11:26:13.963  INFO 5728 --- [main] s.w.s.m.m.a.RequestMappingHandlerMapping : Mapped "{[/],methods=[GET]}" onto public java.lang.String org.springframework.cloud.netflix.eureka.server.EurekaController.status(javax.servlet.http.HttpServletRequest,java.util.Map<java.lang.String, java.lang.Object>)
2018-08-03 11:26:13.963  INFO 5728 --- [main] s.w.s.m.m.a.RequestMappingHandlerMapping : Mapped "{[/lastn],methods=[GET]}" onto public java.lang.String org.springframework.cloud.netflix.eureka.server.EurekaController.lastn(javax.servlet.http.HttpServletRequest,java.util.Map<java.lang.String, java.lang.Object>)
2018-08-03 11:26:13.984  INFO 5728 --- [main] o.s.w.s.handler.SimpleUrlHandlerMapping  : Mapped URL path [/webjars/**] onto handler of type [class org.springframework.web.servlet.resource.ResourceHttpRequestHandler]
2018-08-03 11:26:13.984  INFO 5728 --- [main] o.s.w.s.handler.SimpleUrlHandlerMapping  : Mapped URL path [/**] onto handler of type [class org.springframework.web.servlet.resource.ResourceHttpRequestHandler]
2018-08-03 11:26:14.334  INFO 5728 --- [main] o.s.ui.freemarker.SpringTemplateLoader   : SpringTemplateLoader for FreeMarker: using resource loader [org.springframework.boot.web.servlet.context.AnnotationConfigServletWebServerApplicationContext@7a362b6b: startup date [Fri Aug 03 11:26:10 CST 2018]; parent: org.springframework.context.annotation.AnnotationConfigApplicationContext@459e9125] and template loader path [classpath:/templates/]
2018-08-03 11:26:14.335  INFO 5728 --- [main] o.s.w.s.v.f.FreeMarkerConfigurer         : ClassTemplateLoader for Spring macros added to FreeMarker configuration
2018-08-03 11:26:14.502  INFO 5728 --- [main] o.s.c.n.eureka.InstanceInfoFactory       : Setting initial instance status as: STARTING
2018-08-03 11:26:14.530  INFO 5728 --- [main] com.netflix.discovery.DiscoveryClient    : Initializing Eureka in region us-east-1
2018-08-03 11:26:14.530  INFO 5728 --- [main] com.netflix.discovery.DiscoveryClient    : Client configured to neither register nor query for data.
2018-08-03 11:26:14.536  INFO 5728 --- [main] com.netflix.discovery.DiscoveryClient    : Discovery Client initialized at timestamp 1533266774535 with initial instances count: 0
2018-08-03 11:26:14.581  INFO 5728 --- [main] c.n.eureka.DefaultEurekaServerContext    : Initializing ...
2018-08-03 11:26:14.583  INFO 5728 --- [main] c.n.eureka.cluster.PeerEurekaNodes       : Adding new peer nodes [http://localhost:8000/eureka/]
2018-08-03 11:26:14.861  INFO 5728 --- [main] c.n.d.provider.DiscoveryJerseyProvider   : Using JSON encoding codec LegacyJacksonJson
2018-08-03 11:26:14.861  INFO 5728 --- [main] c.n.d.provider.DiscoveryJerseyProvider   : Using JSON decoding codec LegacyJacksonJson
2018-08-03 11:26:14.861  INFO 5728 --- [main] c.n.d.provider.DiscoveryJerseyProvider   : Using XML encoding codec XStreamXml
2018-08-03 11:26:14.861  INFO 5728 --- [main] c.n.d.provider.DiscoveryJerseyProvider   : Using XML decoding codec XStreamXml
2018-08-03 11:26:14.947  INFO 5728 --- [main] c.n.eureka.cluster.PeerEurekaNodes       : Replica node URL:  http://localhost:8000/eureka/
2018-08-03 11:26:14.953  INFO 5728 --- [main] c.n.e.registry.AbstractInstanceRegistry  : Finished initializing remote region registries. All known remote regions: []
2018-08-03 11:26:14.954  INFO 5728 --- [main] c.n.eureka.DefaultEurekaServerContext    : Initialized
2018-08-03 11:26:14.968  INFO 5728 --- [main] o.s.b.a.e.web.EndpointLinksResolver      : Exposing 2 endpoint(s) beneath base path '/actuator'
2018-08-03 11:26:14.978  INFO 5728 --- [main] s.b.a.e.w.s.WebMvcEndpointHandlerMapping : Mapped "{[/actuator/health],methods=[GET],produces=[application/vnd.spring-boot.actuator.v2+json || application/json]}" onto public java.lang.Object org.springframework.boot.actuate.endpoint.web.servlet.AbstractWebMvcEndpointHandlerMapping$OperationHandler.handle(javax.servlet.http.HttpServletRequest,java.util.Map<java.lang.String, java.lang.String>)
2018-08-03 11:26:14.979  INFO 5728 --- [main] s.b.a.e.w.s.WebMvcEndpointHandlerMapping : Mapped "{[/actuator/info],methods=[GET],produces=[application/vnd.spring-boot.actuator.v2+json || application/json]}" onto public java.lang.Object org.springframework.boot.actuate.endpoint.web.servlet.AbstractWebMvcEndpointHandlerMapping$OperationHandler.handle(javax.servlet.http.HttpServletRequest,java.util.Map<java.lang.String, java.lang.String>)
2018-08-03 11:26:14.980  INFO 5728 --- [main] s.b.a.e.w.s.WebMvcEndpointHandlerMapping : Mapped "{[/actuator],methods=[GET],produces=[application/vnd.spring-boot.actuator.v2+json || application/json]}" onto protected java.util.Map<java.lang.String, java.util.Map<java.lang.String, org.springframework.boot.actuate.endpoint.web.Link>> org.springframework.boot.actuate.endpoint.web.servlet.WebMvcEndpointHandlerMapping.links(javax.servlet.http.HttpServletRequest,javax.servlet.http.HttpServletResponse)
2018-08-03 11:26:15.023  INFO 5728 --- [main] o.s.j.e.a.AnnotationMBeanExporter        : Registering beans for JMX exposure on startup
2018-08-03 11:26:15.031  INFO 5728 --- [main] o.s.j.e.a.AnnotationMBeanExporter        : Bean with name 'environmentManager' has been autodetected for JMX exposure
2018-08-03 11:26:15.032  INFO 5728 --- [main] o.s.j.e.a.AnnotationMBeanExporter        : Bean with name 'configurationPropertiesRebinder' has been autodetected for JMX exposure
2018-08-03 11:26:15.033  INFO 5728 --- [main] o.s.j.e.a.AnnotationMBeanExporter        : Bean with name 'refreshScope' has been autodetected for JMX exposure
2018-08-03 11:26:15.035  INFO 5728 --- [main] o.s.j.e.a.AnnotationMBeanExporter        : Located managed bean 'environmentManager': registering with JMX server as MBean [org.springframework.cloud.context.environment:name=environmentManager,type=EnvironmentManager]
2018-08-03 11:26:15.042  INFO 5728 --- [main] o.s.j.e.a.AnnotationMBeanExporter        : Located managed bean 'refreshScope': registering with JMX server as MBean [org.springframework.cloud.context.scope.refresh:name=refreshScope,type=RefreshScope]
2018-08-03 11:26:15.050  INFO 5728 --- [main] o.s.j.e.a.AnnotationMBeanExporter        : Located managed bean 'configurationPropertiesRebinder': registering with JMX server as MBean [org.springframework.cloud.context.properties:name=configurationPropertiesRebinder,context=7a362b6b,type=ConfigurationPropertiesRebinder]
2018-08-03 11:26:15.059  INFO 5728 --- [main] o.s.c.support.DefaultLifecycleProcessor  : Starting beans in phase 0
2018-08-03 11:26:15.063  INFO 5728 --- [main] o.s.c.n.e.s.EurekaServiceRegistry        : Registering application unknown with eureka with status UP
2018-08-03 11:26:15.066  INFO 5728 --- [Thread-25] o.s.c.n.e.server.EurekaServerBootstrap   : Setting the eureka configuration..
2018-08-03 11:26:15.067  INFO 5728 --- [Thread-25] o.s.c.n.e.server.EurekaServerBootstrap   : Eureka data center value eureka.datacenter is not set, defaulting to default
2018-08-03 11:26:15.067  INFO 5728 --- [Thread-25] o.s.c.n.e.server.EurekaServerBootstrap   : Eureka environment value eureka.environment is not set, defaulting to test
2018-08-03 11:26:15.082  INFO 5728 --- [Thread-25] o.s.c.n.e.server.EurekaServerBootstrap   : isAws returned false
2018-08-03 11:26:15.083  INFO 5728 --- [Thread-25] o.s.c.n.e.server.EurekaServerBootstrap   : Initialized server context
2018-08-03 11:26:15.083  INFO 5728 --- [Thread-25] c.n.e.r.PeerAwareInstanceRegistryImpl    : Got 1 instances from neighboring DS node
2018-08-03 11:26:15.083  INFO 5728 --- [Thread-25] c.n.e.r.PeerAwareInstanceRegistryImpl    : Renew threshold is: 1
2018-08-03 11:26:15.083  INFO 5728 --- [Thread-25] c.n.e.r.PeerAwareInstanceRegistryImpl    : Changing status to UP
2018-08-03 11:26:15.090  INFO 5728 --- [Thread-25] e.s.EurekaServerInitializerConfiguration : Started Eureka Server
2018-08-03 11:26:15.110  INFO 5728 --- [main] o.s.b.w.embedded.tomcat.TomcatWebServer  : Tomcat started on port(s): 8000 (http) with context path ''
2018-08-03 11:26:15.112  INFO 5728 --- [main] .s.c.n.e.s.EurekaAutoServiceRegistration : Updating port to 8000
2018-08-03 11:26:15.114  INFO 5728 --- [main] c.r.e.EurekaServiceApplication           : Started EurekaServiceApplication in 5.923 seconds (JVM running for 6.736)
2018-08-03 11:26:15.118 DEBUG 5728 --- [main] c.r.e.EurekaServiceApplication           : EurekaServiceApplication
2018-08-03 11:27:19.088  INFO 4248 --- [main] c.r.e.EurekaServiceApplication           : No active profile set, falling back to default profiles: default
2018-08-03 11:27:19.098  INFO 4248 --- [main] ConfigServletWebServerApplicationContext : Refreshing org.springframework.boot.web.servlet.context.AnnotationConfigServletWebServerApplicationContext@63611043: startup date [Fri Aug 03 11:27:19 CST 2018]; parent: org.springframework.context.annotation.AnnotationConfigApplicationContext@1d9b7cce
2018-08-03 11:27:19.817  INFO 4248 --- [main] o.s.cloud.context.scope.GenericScope     : BeanFactory id=c3d2af46-e603-3940-bc8f-aaca20c06b2d
2018-08-03 11:27:19.835  INFO 4248 --- [main] f.a.AutowiredAnnotationBeanPostProcessor : JSR-330 'javax.inject.Inject' annotation found and supported for autowiring
2018-08-03 11:27:19.916  INFO 4248 --- [main] trationDelegate$BeanPostProcessorChecker : Bean 'org.springframework.cloud.autoconfigure.ConfigurationPropertiesRebinderAutoConfiguration' of type [org.springframework.cloud.autoconfigure.ConfigurationPropertiesRebinderAutoConfiguration$$EnhancerBySpringCGLIB$$a2d72436] is not eligible for getting processed by all BeanPostProcessors (for example: not eligible for auto-proxying)
2018-08-03 11:27:20.273  INFO 4248 --- [main] o.s.b.w.embedded.tomcat.TomcatWebServer  : Tomcat initialized with port(s): 8000 (http)
2018-08-03 11:27:20.291  INFO 4248 --- [main] o.apache.catalina.core.StandardService   : Starting service [Tomcat]
2018-08-03 11:27:20.291  INFO 4248 --- [main] org.apache.catalina.core.StandardEngine  : Starting Servlet Engine: Apache Tomcat/8.5.32
2018-08-03 11:27:20.295  INFO 4248 --- [localhost-startStop-1] o.a.catalina.core.AprLifecycleListener   : The APR based Apache Tomcat Native library which allows optimal performance in production environments was not found on the java.library.path: [C:\Program Files\Java\jdk1.8.0_144\bin;C:\Windows\Sun\Java\bin;C:\Windows\system32;C:\Windows;C:\ProgramData\Oracle\Java\javapath;C:\Windows\system32;C:\Windows;C:\Windows\System32\Wbem;C:\Windows\System32\WindowsPowerShell\v1.0\;C:\Program Files\Java\jdk1.8.0_144\bin;C:\Program Files\Java\jdk1.8.0_144\jre\bin;C:\Program Files\TortoiseSVN\bin;E:\apache-tomcat-8.5.9-windows-x64\apache-tomcat-8.5.9\lib;E:\apache-tomcat-8.5.9-windows-x64\apache-tomcat-8.5.9\bin;E:\mysql-5.7.17-winx64\mysql-5.7.17-winx64\bin;C:\Program Files (x86)\Microsoft SQL Server\100\Tools\Binn\;C:\Program Files\Microsoft SQL Server\100\Tools\Binn\;C:\Program Files\Microsoft SQL Server\100\DTS\Binn\;C:\Program Files (x86)\Microsoft SQL Server\100\Tools\Binn\VSShell\Common7\IDE\;C:\Program Files (x86)\Microsoft Visual Studio 9.0\Common7\IDE\PrivateAssemblies\;C:\Program Files (x86)\Microsoft SQL Server\100\DTS\Binn\;C:\ProgramData\chocolatey\bin;C:\Users\yxz\AppData\Local\Android\Sdk\tools;C:\Users\yxz\AppData\Local\Android\Sdk\platform-tools;C:\Python27;E:\apache-maven-3.5.0\bin;C:\Program Files\nodejs\;E:\Program Files\Git\cmd;E:\Program Files\Microsoft VS Code\bin;C:\Users\yxz\AppData\Local\GitHubDesktop\bin;C:\Users\yxz\AppData\Roaming\npm;E:\Program Files\Microsoft VS Code\bin;.]
2018-08-03 11:27:20.448  INFO 4248 --- [localhost-startStop-1] o.a.c.c.C.[Tomcat].[localhost].[/]       : Initializing Spring embedded WebApplicationContext
2018-08-03 11:27:20.448  INFO 4248 --- [localhost-startStop-1] o.s.web.context.ContextLoader            : Root WebApplicationContext: initialization completed in 1350 ms
2018-08-03 11:27:20.595  WARN 4248 --- [localhost-startStop-1] c.n.c.sources.URLConfigurationSource     : No URLs will be polled as dynamic configuration sources.
2018-08-03 11:27:20.595  INFO 4248 --- [localhost-startStop-1] c.n.c.sources.URLConfigurationSource     : To enable URLs as dynamic configuration sources, define System property archaius.configurationSource.additionalUrls or make config.properties available on classpath.
2018-08-03 11:27:20.604  INFO 4248 --- [localhost-startStop-1] c.netflix.config.DynamicPropertyFactory  : DynamicPropertyFactory is initialized with configuration sources: com.netflix.config.ConcurrentCompositeConfiguration@2a19716d
2018-08-03 11:27:21.777  INFO 4248 --- [localhost-startStop-1] o.s.b.w.servlet.FilterRegistrationBean   : Mapping filter: 'characterEncodingFilter' to: [/*]
2018-08-03 11:27:21.778  INFO 4248 --- [localhost-startStop-1] o.s.b.w.servlet.FilterRegistrationBean   : Mapping filter: 'webMvcMetricsFilter' to: [/*]
2018-08-03 11:27:21.778  INFO 4248 --- [localhost-startStop-1] o.s.b.w.servlet.FilterRegistrationBean   : Mapping filter: 'hiddenHttpMethodFilter' to: [/*]
2018-08-03 11:27:21.778  INFO 4248 --- [localhost-startStop-1] o.s.b.w.servlet.FilterRegistrationBean   : Mapping filter: 'httpPutFormContentFilter' to: [/*]
2018-08-03 11:27:21.778  INFO 4248 --- [localhost-startStop-1] o.s.b.w.servlet.FilterRegistrationBean   : Mapping filter: 'requestContextFilter' to: [/*]
2018-08-03 11:27:21.778  INFO 4248 --- [localhost-startStop-1] o.s.b.w.servlet.FilterRegistrationBean   : Mapping filter: 'httpTraceFilter' to: [/*]
2018-08-03 11:27:21.778  INFO 4248 --- [localhost-startStop-1] o.s.b.w.servlet.FilterRegistrationBean   : Mapping filter: 'servletContainer' to urls: [/eureka/*]
2018-08-03 11:27:21.779  INFO 4248 --- [localhost-startStop-1] o.s.b.w.servlet.ServletRegistrationBean  : Servlet dispatcherServlet mapped to [/]
2018-08-03 11:27:21.833  INFO 4248 --- [localhost-startStop-1] c.s.j.s.i.a.WebApplicationImpl           : Initiating Jersey application, version 'Jersey: 1.19.1 03/11/2016 02:08 PM'
2018-08-03 11:27:21.890  INFO 4248 --- [localhost-startStop-1] c.n.d.provider.DiscoveryJerseyProvider   : Using JSON encoding codec LegacyJacksonJson
2018-08-03 11:27:21.891  INFO 4248 --- [localhost-startStop-1] c.n.d.provider.DiscoveryJerseyProvider   : Using JSON decoding codec LegacyJacksonJson
2018-08-03 11:27:21.994  INFO 4248 --- [localhost-startStop-1] c.n.d.provider.DiscoveryJerseyProvider   : Using XML encoding codec XStreamXml
2018-08-03 11:27:21.994  INFO 4248 --- [localhost-startStop-1] c.n.d.provider.DiscoveryJerseyProvider   : Using XML decoding codec XStreamXml
2018-08-03 11:27:22.265  WARN 4248 --- [main] o.s.c.n.a.ArchaiusAutoConfiguration      : No spring.application.name found, defaulting to 'application'
2018-08-03 11:27:22.265  WARN 4248 --- [main] c.n.c.sources.URLConfigurationSource     : No URLs will be polled as dynamic configuration sources.
2018-08-03 11:27:22.266  INFO 4248 --- [main] c.n.c.sources.URLConfigurationSource     : To enable URLs as dynamic configuration sources, define System property archaius.configurationSource.additionalUrls or make config.properties available on classpath.
2018-08-03 11:27:22.333  INFO 4248 --- [main] o.s.w.s.handler.SimpleUrlHandlerMapping  : Mapped URL path [/**/favicon.ico] onto handler of type [class org.springframework.web.servlet.resource.ResourceHttpRequestHandler]
2018-08-03 11:27:22.543  INFO 4248 --- [main] s.w.s.m.m.a.RequestMappingHandlerAdapter : Looking for @ControllerAdvice: org.springframework.boot.web.servlet.context.AnnotationConfigServletWebServerApplicationContext@63611043: startup date [Fri Aug 03 11:27:19 CST 2018]; parent: org.springframework.context.annotation.AnnotationConfigApplicationContext@1d9b7cce
2018-08-03 11:27:22.603  INFO 4248 --- [main] s.w.s.m.m.a.RequestMappingHandlerMapping : Mapped "{[/error]}" onto public org.springframework.http.ResponseEntity<java.util.Map<java.lang.String, java.lang.Object>> org.springframework.boot.autoconfigure.web.servlet.error.BasicErrorController.error(javax.servlet.http.HttpServletRequest)
2018-08-03 11:27:22.604  INFO 4248 --- [main] s.w.s.m.m.a.RequestMappingHandlerMapping : Mapped "{[/error],produces=[text/html]}" onto public org.springframework.web.servlet.ModelAndView org.springframework.boot.autoconfigure.web.servlet.error.BasicErrorController.errorHtml(javax.servlet.http.HttpServletRequest,javax.servlet.http.HttpServletResponse)
2018-08-03 11:27:22.611  INFO 4248 --- [main] s.w.s.m.m.a.RequestMappingHandlerMapping : Mapped "{[/],methods=[GET]}" onto public java.lang.String org.springframework.cloud.netflix.eureka.server.EurekaController.status(javax.servlet.http.HttpServletRequest,java.util.Map<java.lang.String, java.lang.Object>)
2018-08-03 11:27:22.611  INFO 4248 --- [main] s.w.s.m.m.a.RequestMappingHandlerMapping : Mapped "{[/lastn],methods=[GET]}" onto public java.lang.String org.springframework.cloud.netflix.eureka.server.EurekaController.lastn(javax.servlet.http.HttpServletRequest,java.util.Map<java.lang.String, java.lang.Object>)
2018-08-03 11:27:22.636  INFO 4248 --- [main] o.s.w.s.handler.SimpleUrlHandlerMapping  : Mapped URL path [/webjars/**] onto handler of type [class org.springframework.web.servlet.resource.ResourceHttpRequestHandler]
2018-08-03 11:27:22.636  INFO 4248 --- [main] o.s.w.s.handler.SimpleUrlHandlerMapping  : Mapped URL path [/**] onto handler of type [class org.springframework.web.servlet.resource.ResourceHttpRequestHandler]
2018-08-03 11:27:22.954  INFO 4248 --- [main] o.s.ui.freemarker.SpringTemplateLoader   : SpringTemplateLoader for FreeMarker: using resource loader [org.springframework.boot.web.servlet.context.AnnotationConfigServletWebServerApplicationContext@63611043: startup date [Fri Aug 03 11:27:19 CST 2018]; parent: org.springframework.context.annotation.AnnotationConfigApplicationContext@1d9b7cce] and template loader path [classpath:/templates/]
2018-08-03 11:27:22.954  INFO 4248 --- [main] o.s.w.s.v.f.FreeMarkerConfigurer         : ClassTemplateLoader for Spring macros added to FreeMarker configuration
2018-08-03 11:27:23.131  INFO 4248 --- [main] o.s.c.n.eureka.InstanceInfoFactory       : Setting initial instance status as: STARTING
2018-08-03 11:27:23.165  INFO 4248 --- [main] com.netflix.discovery.DiscoveryClient    : Initializing Eureka in region us-east-1
2018-08-03 11:27:23.165  INFO 4248 --- [main] com.netflix.discovery.DiscoveryClient    : Client configured to neither register nor query for data.
2018-08-03 11:27:23.188  INFO 4248 --- [main] com.netflix.discovery.DiscoveryClient    : Discovery Client initialized at timestamp 1533266843186 with initial instances count: 0
2018-08-03 11:27:23.244  INFO 4248 --- [main] c.n.eureka.DefaultEurekaServerContext    : Initializing ...
2018-08-03 11:27:23.246  INFO 4248 --- [main] c.n.eureka.cluster.PeerEurekaNodes       : Adding new peer nodes [http://localhost:8000/eureka/]
2018-08-03 11:27:23.512  INFO 4248 --- [main] c.n.d.provider.DiscoveryJerseyProvider   : Using JSON encoding codec LegacyJacksonJson
2018-08-03 11:27:23.512  INFO 4248 --- [main] c.n.d.provider.DiscoveryJerseyProvider   : Using JSON decoding codec LegacyJacksonJson
2018-08-03 11:27:23.512  INFO 4248 --- [main] c.n.d.provider.DiscoveryJerseyProvider   : Using XML encoding codec XStreamXml
2018-08-03 11:27:23.512  INFO 4248 --- [main] c.n.d.provider.DiscoveryJerseyProvider   : Using XML decoding codec XStreamXml
2018-08-03 11:27:23.600  INFO 4248 --- [main] c.n.eureka.cluster.PeerEurekaNodes       : Replica node URL:  http://localhost:8000/eureka/
2018-08-03 11:27:23.607  INFO 4248 --- [main] c.n.e.registry.AbstractInstanceRegistry  : Finished initializing remote region registries. All known remote regions: []
2018-08-03 11:27:23.608  INFO 4248 --- [main] c.n.eureka.DefaultEurekaServerContext    : Initialized
2018-08-03 11:27:23.624  INFO 4248 --- [main] o.s.b.a.e.web.EndpointLinksResolver      : Exposing 2 endpoint(s) beneath base path '/actuator'
2018-08-03 11:27:23.634  INFO 4248 --- [main] s.b.a.e.w.s.WebMvcEndpointHandlerMapping : Mapped "{[/actuator/health],methods=[GET],produces=[application/vnd.spring-boot.actuator.v2+json || application/json]}" onto public java.lang.Object org.springframework.boot.actuate.endpoint.web.servlet.AbstractWebMvcEndpointHandlerMapping$OperationHandler.handle(javax.servlet.http.HttpServletRequest,java.util.Map<java.lang.String, java.lang.String>)
2018-08-03 11:27:23.635  INFO 4248 --- [main] s.b.a.e.w.s.WebMvcEndpointHandlerMapping : Mapped "{[/actuator/info],methods=[GET],produces=[application/vnd.spring-boot.actuator.v2+json || application/json]}" onto public java.lang.Object org.springframework.boot.actuate.endpoint.web.servlet.AbstractWebMvcEndpointHandlerMapping$OperationHandler.handle(javax.servlet.http.HttpServletRequest,java.util.Map<java.lang.String, java.lang.String>)
2018-08-03 11:27:23.635  INFO 4248 --- [main] s.b.a.e.w.s.WebMvcEndpointHandlerMapping : Mapped "{[/actuator],methods=[GET],produces=[application/vnd.spring-boot.actuator.v2+json || application/json]}" onto protected java.util.Map<java.lang.String, java.util.Map<java.lang.String, org.springframework.boot.actuate.endpoint.web.Link>> org.springframework.boot.actuate.endpoint.web.servlet.WebMvcEndpointHandlerMapping.links(javax.servlet.http.HttpServletRequest,javax.servlet.http.HttpServletResponse)
2018-08-03 11:27:23.678  INFO 4248 --- [main] o.s.j.e.a.AnnotationMBeanExporter        : Registering beans for JMX exposure on startup
2018-08-03 11:27:23.686  INFO 4248 --- [main] o.s.j.e.a.AnnotationMBeanExporter        : Bean with name 'environmentManager' has been autodetected for JMX exposure
2018-08-03 11:27:23.687  INFO 4248 --- [main] o.s.j.e.a.AnnotationMBeanExporter        : Bean with name 'configurationPropertiesRebinder' has been autodetected for JMX exposure
2018-08-03 11:27:23.688  INFO 4248 --- [main] o.s.j.e.a.AnnotationMBeanExporter        : Bean with name 'refreshScope' has been autodetected for JMX exposure
2018-08-03 11:27:23.691  INFO 4248 --- [main] o.s.j.e.a.AnnotationMBeanExporter        : Located managed bean 'environmentManager': registering with JMX server as MBean [org.springframework.cloud.context.environment:name=environmentManager,type=EnvironmentManager]
2018-08-03 11:27:23.698  INFO 4248 --- [main] o.s.j.e.a.AnnotationMBeanExporter        : Located managed bean 'refreshScope': registering with JMX server as MBean [org.springframework.cloud.context.scope.refresh:name=refreshScope,type=RefreshScope]
2018-08-03 11:27:23.706  INFO 4248 --- [main] o.s.j.e.a.AnnotationMBeanExporter        : Located managed bean 'configurationPropertiesRebinder': registering with JMX server as MBean [org.springframework.cloud.context.properties:name=configurationPropertiesRebinder,context=63611043,type=ConfigurationPropertiesRebinder]
2018-08-03 11:27:23.714  INFO 4248 --- [main] o.s.c.support.DefaultLifecycleProcessor  : Starting beans in phase 0
2018-08-03 11:27:23.718  INFO 4248 --- [main] o.s.c.n.e.s.EurekaServiceRegistry        : Registering application unknown with eureka with status UP
2018-08-03 11:27:23.722  INFO 4248 --- [Thread-25] o.s.c.n.e.server.EurekaServerBootstrap   : Setting the eureka configuration..
2018-08-03 11:27:23.723  INFO 4248 --- [Thread-25] o.s.c.n.e.server.EurekaServerBootstrap   : Eureka data center value eureka.datacenter is not set, defaulting to default
2018-08-03 11:27:23.723  INFO 4248 --- [Thread-25] o.s.c.n.e.server.EurekaServerBootstrap   : Eureka environment value eureka.environment is not set, defaulting to test
2018-08-03 11:27:23.739  INFO 4248 --- [Thread-25] o.s.c.n.e.server.EurekaServerBootstrap   : isAws returned false
2018-08-03 11:27:23.739  INFO 4248 --- [Thread-25] o.s.c.n.e.server.EurekaServerBootstrap   : Initialized server context
2018-08-03 11:27:23.739  INFO 4248 --- [Thread-25] c.n.e.r.PeerAwareInstanceRegistryImpl    : Got 1 instances from neighboring DS node
2018-08-03 11:27:23.739  INFO 4248 --- [Thread-25] c.n.e.r.PeerAwareInstanceRegistryImpl    : Renew threshold is: 1
2018-08-03 11:27:23.740  INFO 4248 --- [Thread-25] c.n.e.r.PeerAwareInstanceRegistryImpl    : Changing status to UP
2018-08-03 11:27:23.748  INFO 4248 --- [Thread-25] e.s.EurekaServerInitializerConfiguration : Started Eureka Server
2018-08-03 11:27:23.768  INFO 4248 --- [main] o.s.b.w.embedded.tomcat.TomcatWebServer  : Tomcat started on port(s): 8000 (http) with context path ''
2018-08-03 11:27:23.769  INFO 4248 --- [main] .s.c.n.e.s.EurekaAutoServiceRegistration : Updating port to 8000
2018-08-03 11:27:23.773  INFO 4248 --- [main] c.r.e.EurekaServiceApplication           : Started EurekaServiceApplication in 6.03 seconds (JVM running for 6.848)
2018-08-03 11:27:23.775 DEBUG 4248 --- [main] c.r.e.EurekaServiceApplication           : -----------------注册服务启动-----------------
